<?xml version="1.0" encoding="UTF-8"?>
<!-- Generated by org.testng.reporters.JUnitReportReporter -->
<testsuite hostname="DESKTOP-LAGUD7Q" failures="0" tests="1" name="com.testscenarios.NewTest" time="0.019" errors="0" timestamp="2022-12-05T19:14:51 IST" skipped="0">
  <testcase classname="com.testscenarios.NewTest" name="Test" time="0.019"/>
  <system-out/>
</testsuite> <!-- com.testscenarios.NewTest -->
